0 info it worked if it ends with ok
1 verbose cli [ '/Users/samuelklinkmann/.nvm/versions/io.js/v2.1.0/bin/iojs',
1 verbose cli   '/Users/samuelklinkmann/.nvm/versions/io.js/v2.1.0/bin/npm',
1 verbose cli   'run',
1 verbose cli   'dev' ]
2 info using npm@3.8.7
3 info using node@v2.1.0
4 verbose stack Error: missing script: dev
4 verbose stack     at run (/Users/samuelklinkmann/.nvm/versions/io.js/v2.1.0/lib/node_modules/npm/lib/run-script.js:147:19)
4 verbose stack     at /Users/samuelklinkmann/.nvm/versions/io.js/v2.1.0/lib/node_modules/npm/lib/run-script.js:57:5
4 verbose stack     at /Users/samuelklinkmann/.nvm/versions/io.js/v2.1.0/lib/node_modules/npm/node_modules/read-package-json/read-json.js:345:5
4 verbose stack     at checkBinReferences_ (/Users/samuelklinkmann/.nvm/versions/io.js/v2.1.0/lib/node_modules/npm/node_modules/read-package-json/read-json.js:309:45)
4 verbose stack     at final (/Users/samuelklinkmann/.nvm/versions/io.js/v2.1.0/lib/node_modules/npm/node_modules/read-package-json/read-json.js:343:3)
4 verbose stack     at then (/Users/samuelklinkmann/.nvm/versions/io.js/v2.1.0/lib/node_modules/npm/node_modules/read-package-json/read-json.js:113:5)
4 verbose stack     at /Users/samuelklinkmann/.nvm/versions/io.js/v2.1.0/lib/node_modules/npm/node_modules/read-package-json/read-json.js:300:12
4 verbose stack     at /Users/samuelklinkmann/.nvm/versions/io.js/v2.1.0/lib/node_modules/npm/node_modules/graceful-fs/graceful-fs.js:78:16
4 verbose stack     at FSReqWrap.readFileAfterClose [as oncomplete] (fs.js:382:3)
5 verbose cwd /Users/samuelklinkmann/Documents/playground/evalingon
6 error Darwin 14.5.0
7 error argv "/Users/samuelklinkmann/.nvm/versions/io.js/v2.1.0/bin/iojs" "/Users/samuelklinkmann/.nvm/versions/io.js/v2.1.0/bin/npm" "run" "dev"
8 error node v2.1.0
9 error npm  v3.8.7
10 error missing script: dev
11 error If you need help, you may report this error at:
11 error     <https://github.com/npm/npm/issues>
12 verbose exit [ 1, true ]
